{"C:\\gostack\\desafios\\gostack-template-conceitos-nodejs\\src\\app.js": {"path":"C:\\gostack\\desafios\\gostack-template-conceitos-nodejs\\src\\app.js","statementMap":{"0":{"start":{"line":1,"column":16},"end":{"line":1,"column":34}},"1":{"start":{"line":2,"column":13},"end":{"line":2,"column":28}},"2":{"start":{"line":4,"column":25},"end":{"line":4,"column":42}},"3":{"start":{"line":6,"column":12},"end":{"line":6,"column":21}},"4":{"start":{"line":8,"column":0},"end":{"line":8,"column":24}},"5":{"start":{"line":9,"column":0},"end":{"line":9,"column":16}},"6":{"start":{"line":11,"column":0},"end":{"line":19,"column":3}},"7":{"start":{"line":12,"column":17},"end":{"line":12,"column":31}},"8":{"start":{"line":14,"column":2},"end":{"line":16,"column":3}},"9":{"start":{"line":15,"column":4},"end":{"line":15,"column":72}},"10":{"start":{"line":18,"column":2},"end":{"line":18,"column":16}},"11":{"start":{"line":21,"column":21},"end":{"line":21,"column":23}},"12":{"start":{"line":23,"column":0},"end":{"line":25,"column":3}},"13":{"start":{"line":24,"column":2},"end":{"line":24,"column":37}},"14":{"start":{"line":27,"column":0},"end":{"line":36,"column":3}},"15":{"start":{"line":28,"column":32},"end":{"line":28,"column":44}},"16":{"start":{"line":30,"column":21},"end":{"line":30,"column":62}},"17":{"start":{"line":32,"column":2},"end":{"line":32,"column":32}},"18":{"start":{"line":34,"column":2},"end":{"line":34,"column":35}},"19":{"start":{"line":38,"column":0},"end":{"line":57,"column":3}},"20":{"start":{"line":39,"column":17},"end":{"line":39,"column":31}},"21":{"start":{"line":41,"column":32},"end":{"line":41,"column":44}},"22":{"start":{"line":43,"column":26},"end":{"line":43,"column":84}},"23":{"start":{"line":43,"column":63},"end":{"line":43,"column":83}},"24":{"start":{"line":45,"column":2},"end":{"line":47,"column":3}},"25":{"start":{"line":46,"column":4},"end":{"line":46,"column":69}},"26":{"start":{"line":49,"column":21},"end":{"line":49,"column":50}},"27":{"start":{"line":50,"column":2},"end":{"line":50,"column":27}},"28":{"start":{"line":51,"column":2},"end":{"line":51,"column":27}},"29":{"start":{"line":52,"column":2},"end":{"line":52,"column":23}},"30":{"start":{"line":54,"column":2},"end":{"line":54,"column":50}},"31":{"start":{"line":56,"column":2},"end":{"line":56,"column":35}},"32":{"start":{"line":59,"column":0},"end":{"line":71,"column":3}},"33":{"start":{"line":60,"column":17},"end":{"line":60,"column":31}},"34":{"start":{"line":62,"column":26},"end":{"line":62,"column":84}},"35":{"start":{"line":62,"column":63},"end":{"line":62,"column":83}},"36":{"start":{"line":64,"column":2},"end":{"line":66,"column":3}},"37":{"start":{"line":65,"column":4},"end":{"line":65,"column":69}},"38":{"start":{"line":68,"column":2},"end":{"line":68,"column":42}},"39":{"start":{"line":70,"column":2},"end":{"line":70,"column":37}},"40":{"start":{"line":73,"column":0},"end":{"line":90,"column":3}},"41":{"start":{"line":74,"column":17},"end":{"line":74,"column":31}},"42":{"start":{"line":76,"column":26},"end":{"line":76,"column":84}},"43":{"start":{"line":76,"column":63},"end":{"line":76,"column":83}},"44":{"start":{"line":78,"column":2},"end":{"line":80,"column":3}},"45":{"start":{"line":79,"column":4},"end":{"line":79,"column":69}},"46":{"start":{"line":82,"column":21},"end":{"line":82,"column":50}},"47":{"start":{"line":83,"column":2},"end":{"line":83,"column":21}},"48":{"start":{"line":85,"column":2},"end":{"line":85,"column":50}},"49":{"start":{"line":88,"column":2},"end":{"line":88,"column":50}},"50":{"start":{"line":92,"column":0},"end":{"line":92,"column":21}}},"fnMap":{"0":{"name":"(anonymous_0)","decl":{"start":{"line":11,"column":29},"end":{"line":11,"column":30}},"loc":{"start":{"line":11,"column":58},"end":{"line":19,"column":1}},"line":11},"1":{"name":"(anonymous_1)","decl":{"start":{"line":23,"column":25},"end":{"line":23,"column":26}},"loc":{"start":{"line":23,"column":48},"end":{"line":25,"column":1}},"line":23},"2":{"name":"(anonymous_2)","decl":{"start":{"line":27,"column":26},"end":{"line":27,"column":27}},"loc":{"start":{"line":27,"column":49},"end":{"line":36,"column":1}},"line":27},"3":{"name":"(anonymous_3)","decl":{"start":{"line":38,"column":29},"end":{"line":38,"column":30}},"loc":{"start":{"line":38,"column":52},"end":{"line":57,"column":1}},"line":38},"4":{"name":"(anonymous_4)","decl":{"start":{"line":43,"column":49},"end":{"line":43,"column":50}},"loc":{"start":{"line":43,"column":63},"end":{"line":43,"column":83}},"line":43},"5":{"name":"(anonymous_5)","decl":{"start":{"line":59,"column":32},"end":{"line":59,"column":33}},"loc":{"start":{"line":59,"column":55},"end":{"line":71,"column":1}},"line":59},"6":{"name":"(anonymous_6)","decl":{"start":{"line":62,"column":49},"end":{"line":62,"column":50}},"loc":{"start":{"line":62,"column":63},"end":{"line":62,"column":83}},"line":62},"7":{"name":"(anonymous_7)","decl":{"start":{"line":73,"column":35},"end":{"line":73,"column":36}},"loc":{"start":{"line":73,"column":58},"end":{"line":90,"column":1}},"line":73},"8":{"name":"(anonymous_8)","decl":{"start":{"line":76,"column":49},"end":{"line":76,"column":50}},"loc":{"start":{"line":76,"column":63},"end":{"line":76,"column":83}},"line":76}},"branchMap":{"0":{"loc":{"start":{"line":14,"column":2},"end":{"line":16,"column":3}},"type":"if","locations":[{"start":{"line":14,"column":2},"end":{"line":16,"column":3}},{"start":{"line":14,"column":2},"end":{"line":16,"column":3}}],"line":14},"1":{"loc":{"start":{"line":45,"column":2},"end":{"line":47,"column":3}},"type":"if","locations":[{"start":{"line":45,"column":2},"end":{"line":47,"column":3}},{"start":{"line":45,"column":2},"end":{"line":47,"column":3}}],"line":45},"2":{"loc":{"start":{"line":64,"column":2},"end":{"line":66,"column":3}},"type":"if","locations":[{"start":{"line":64,"column":2},"end":{"line":66,"column":3}},{"start":{"line":64,"column":2},"end":{"line":66,"column":3}}],"line":64},"3":{"loc":{"start":{"line":78,"column":2},"end":{"line":80,"column":3}},"type":"if","locations":[{"start":{"line":78,"column":2},"end":{"line":80,"column":3}},{"start":{"line":78,"column":2},"end":{"line":80,"column":3}}],"line":78}},"s":{"0":2,"1":2,"2":2,"3":2,"4":2,"5":2,"6":2,"7":8,"8":8,"9":3,"10":5,"11":2,"12":2,"13":2,"14":2,"15":6,"16":6,"17":6,"18":6,"19":2,"20":2,"21":2,"22":2,"23":7,"24":2,"25":0,"26":2,"27":2,"28":2,"29":2,"30":2,"31":2,"32":2,"33":1,"34":1,"35":5,"36":1,"37":0,"38":1,"39":1,"40":2,"41":2,"42":2,"43":2,"44":2,"45":0,"46":2,"47":2,"48":2,"49":2,"50":2},"f":{"0":8,"1":2,"2":6,"3":2,"4":7,"5":1,"6":5,"7":2,"8":2},"b":{"0":[3,5],"1":[0,2],"2":[0,1],"3":[0,2]},"_coverageSchema":"1a1c01bbd47fc00a2c39e90264f33305004495a9","hash":"28963cc9b58dacbbf8324ea43e8c01c2bf701b40"}
}
