TN:
SF:src\app.js
FN:11,(anonymous_0)
FN:23,(anonymous_1)
FN:27,(anonymous_2)
FN:38,(anonymous_3)
FN:43,(anonymous_4)
FN:59,(anonymous_5)
FN:62,(anonymous_6)
FN:73,(anonymous_7)
FN:76,(anonymous_8)
FNF:9
FNH:9
FNDA:8,(anonymous_0)
FNDA:2,(anonymous_1)
FNDA:6,(anonymous_2)
FNDA:2,(anonymous_3)
FNDA:7,(anonymous_4)
FNDA:1,(anonymous_5)
FNDA:5,(anonymous_6)
FNDA:2,(anonymous_7)
FNDA:2,(anonymous_8)
DA:1,2
DA:2,2
DA:4,2
DA:6,2
DA:8,2
DA:9,2
DA:11,2
DA:12,8
DA:14,8
DA:15,3
DA:18,5
DA:21,2
DA:23,2
DA:24,2
DA:27,2
DA:28,6
DA:30,6
DA:32,6
DA:34,6
DA:38,2
DA:39,2
DA:41,2
DA:43,7
DA:45,2
DA:46,0
DA:49,2
DA:50,2
DA:51,2
DA:52,2
DA:54,2
DA:56,2
DA:59,2
DA:60,1
DA:62,5
DA:64,1
DA:65,0
DA:68,1
DA:70,1
DA:73,2
DA:74,2
DA:76,2
DA:78,2
DA:79,0
DA:82,2
DA:83,2
DA:85,2
DA:88,2
DA:92,2
LF:48
LH:45
BRDA:14,0,0,3
BRDA:14,0,1,5
BRDA:45,1,0,0
BRDA:45,1,1,2
BRDA:64,2,0,0
BRDA:64,2,1,1
BRDA:78,3,0,0
BRDA:78,3,1,2
BRF:8
BRH:5
end_of_record
